<?xml version="1.0" encoding="UTF-8"?>
<!-- Generated by org.testng.reporters.JUnitReportReporter -->
<testsuite skipped="0" hostname="LAPTOP-COQHVDGR" name="com.bees.tests.CoffeeAndTeaTest" tests="6" failures="0" timestamp="14 Jun 2021 06:31:05 GMT" time="190.259" errors="0">
  <testcase name="verifySortProductByPrices" time="32.969" classname="com.bees.tests.CoffeeAndTeaTest"/>
  <testcase name="verifyFilterByFlavor" time="32.678" classname="com.bees.tests.CoffeeAndTeaTest"/>
  <testcase name="searchInvalidProduct" time="23.051" classname="com.bees.tests.CoffeeAndTeaTest"/>
  <testcase name="verifySearchMug" time="26.927" classname="com.bees.tests.CoffeeAndTeaTest"/>
  <testcase name="verifyViewedProducts" time="46.726" classname="com.bees.tests.CoffeeAndTeaTest"/>
  <testcase name="VerifySelectPriceRange" time="27.908" classname="com.bees.tests.CoffeeAndTeaTest"/>
</testsuite> <!-- com.bees.tests.CoffeeAndTeaTest -->
