<?xml version="1.0" encoding="UTF-8"?>
<!-- Generated by org.testng.reporters.JUnitReportReporter -->
<testsuite skipped="0" hostname="LAPTOP-COQHVDGR" name="com.bees.tests.TinCupTest" tests="3" failures="0" timestamp="14 Jun 2021 06:34:52 GMT" time="100.027" errors="0">
  <testcase name="verifyColourOfProducts" time="39.455" classname="com.bees.tests.TinCupTest"/>
  <testcase name="verifySelectingQuantityByInsertVal" time="30.138" classname="com.bees.tests.TinCupTest"/>
  <testcase name="verifySelectingQuantityByIncButton" time="30.434" classname="com.bees.tests.TinCupTest"/>
</testsuite> <!-- com.bees.tests.TinCupTest -->
