<?xml version="1.0" encoding="UTF-8"?>
<!-- Generated by org.testng.reporters.JUnitReportReporter -->
<testsuite skipped="0" hostname="LAPTOP-COQHVDGR" name="com.bees.tests.CoffeeAndTeaTest" tests="6" failures="0" timestamp="09 Jun 2021 15:21:32 GMT" time="154.639" errors="0">
  <testcase name="verifySortProductByPrices" time="20.144" classname="com.bees.tests.CoffeeAndTeaTest"/>
  <testcase name="verifyFilterByFlavor" time="26.950" classname="com.bees.tests.CoffeeAndTeaTest"/>
  <testcase name="searchInvalidProduct" time="17.083" classname="com.bees.tests.CoffeeAndTeaTest"/>
  <testcase name="verifySearchMug" time="29.159" classname="com.bees.tests.CoffeeAndTeaTest"/>
  <testcase name="verifyViewedProducts" time="39.731" classname="com.bees.tests.CoffeeAndTeaTest"/>
  <testcase name="VerifySelectPriceRange" time="21.572" classname="com.bees.tests.CoffeeAndTeaTest"/>
</testsuite> <!-- com.bees.tests.CoffeeAndTeaTest -->
