<?xml version="1.0" encoding="UTF-8"?>
<!-- Generated by org.testng.reporters.JUnitReportReporter -->
<testsuite skipped="0" hostname="LAPTOP-COQHVDGR" name="com.bees.tests.MyAccountTest" tests="1" failures="0" timestamp="09 Jun 2021 06:11:20 GMT" time="27.496" errors="0">
  <testcase name="verifyoptions" time="27.496" classname="com.bees.tests.MyAccountTest"/>
</testsuite> <!-- com.bees.tests.MyAccountTest -->
