<?xml version="1.0" encoding="UTF-8"?>
<!-- Generated by org.testng.reporters.JUnitReportReporter -->
<testsuite skipped="0" hostname="LAPTOP-COQHVDGR" name="com.bees.tests.LoginTest" tests="2" failures="0" timestamp="09 Jun 2021 03:59:35 GMT" time="58.567" errors="0">
  <testcase name="verifyValidLogin" time="19.330" classname="com.bees.tests.LoginTest"/>
  <testcase name="verifyLoginDataUsingExcel" time="39.237" classname="com.bees.tests.LoginTest"/>
</testsuite> <!-- com.bees.tests.LoginTest -->
