<?xml version="1.0" encoding="UTF-8"?>
<!-- Generated by org.testng.reporters.JUnitReportReporter -->
<testsuite skipped="0" hostname="LAPTOP-COQHVDGR" name="com.bees.tests.LoginTest" tests="2" failures="0" timestamp="14 Jun 2021 06:31:05 GMT" time="46.584" errors="0">
  <testcase name="verifyValidLogin" time="17.128" classname="com.bees.tests.LoginTest"/>
  <testcase name="verifyLoginDataUsingExcel" time="29.456" classname="com.bees.tests.LoginTest"/>
</testsuite> <!-- com.bees.tests.LoginTest -->
